<?xml version="1.0" encoding="UTF-8"?>
<testng-results ignored="0" total="15" passed="13" failed="2" skipped="0">
  <reporter-output>
  </reporter-output>
  <suite started-at="2023-02-02T09:16:19 IST" name="nop commerce functionalcases" finished-at="2023-02-02T09:18:20 IST" duration-ms="121319">
    <groups>
    </groups>
    <test started-at="2023-02-02T09:16:19 IST" name="nop commerce homepage functional cases" finished-at="2023-02-02T09:18:20 IST" duration-ms="121319">
      <class name="nop.commerce.testscripts.LoginPageTest">
        <test-method is-config="true" signature="setup()[pri:0, instance:nop.commerce.testscripts.LoginPageTest@3943a2be]" started-at="2023-02-02T09:16:19 IST" name="setup" finished-at="2023-02-02T09:16:26 IST" duration-ms="7288" status="PASS">
          <reporter-output>
          </reporter-output>
        </test-method> <!-- setup -->
        <test-method signature="verifyLoginBtnFunctionalityEmailAsBlank()[pri:0, instance:nop.commerce.testscripts.LoginPageTest@3943a2be]" started-at="2023-02-02T09:16:26 IST" name="verifyLoginBtnFunctionalityEmailAsBlank" finished-at="2023-02-02T09:16:26 IST" duration-ms="406" status="PASS">
          <reporter-output>
          </reporter-output>
        </test-method> <!-- verifyLoginBtnFunctionalityEmailAsBlank -->
        <test-method is-config="true" signature="teardown()[pri:0, instance:nop.commerce.testscripts.LoginPageTest@3943a2be]" started-at="2023-02-02T09:16:26 IST" name="teardown" finished-at="2023-02-02T09:16:27 IST" duration-ms="385" status="PASS">
          <reporter-output>
          </reporter-output>
        </test-method> <!-- teardown -->
        <test-method is-config="true" signature="setup()[pri:0, instance:nop.commerce.testscripts.LoginPageTest@3943a2be]" started-at="2023-02-02T09:16:27 IST" name="setup" finished-at="2023-02-02T09:16:30 IST" duration-ms="3682" status="PASS">
          <reporter-output>
          </reporter-output>
        </test-method> <!-- setup -->
        <test-method signature="verifyLoginBtnFunctionalityWithInvalidEmail()[pri:0, instance:nop.commerce.testscripts.LoginPageTest@3943a2be]" started-at="2023-02-02T09:16:30 IST" name="verifyLoginBtnFunctionalityWithInvalidEmail" finished-at="2023-02-02T09:16:32 IST" duration-ms="1661" status="PASS">
          <reporter-output>
          </reporter-output>
        </test-method> <!-- verifyLoginBtnFunctionalityWithInvalidEmail -->
        <test-method is-config="true" signature="teardown()[pri:0, instance:nop.commerce.testscripts.LoginPageTest@3943a2be]" started-at="2023-02-02T09:16:32 IST" name="teardown" finished-at="2023-02-02T09:16:32 IST" duration-ms="295" status="PASS">
          <reporter-output>
          </reporter-output>
        </test-method> <!-- teardown -->
        <test-method is-config="true" signature="setup()[pri:0, instance:nop.commerce.testscripts.LoginPageTest@3943a2be]" started-at="2023-02-02T09:16:32 IST" name="setup" finished-at="2023-02-02T09:16:36 IST" duration-ms="3722" status="PASS">
          <reporter-output>
          </reporter-output>
        </test-method> <!-- setup -->
        <test-method signature="verifyLoginBtnFunctionalityWithInvalidEmailFormat()[pri:0, instance:nop.commerce.testscripts.LoginPageTest@3943a2be]" started-at="2023-02-02T09:16:36 IST" name="verifyLoginBtnFunctionalityWithInvalidEmailFormat" finished-at="2023-02-02T09:16:36 IST" duration-ms="400" status="PASS">
          <reporter-output>
          </reporter-output>
        </test-method> <!-- verifyLoginBtnFunctionalityWithInvalidEmailFormat -->
        <test-method is-config="true" signature="teardown()[pri:0, instance:nop.commerce.testscripts.LoginPageTest@3943a2be]" started-at="2023-02-02T09:16:36 IST" name="teardown" finished-at="2023-02-02T09:16:37 IST" duration-ms="283" status="PASS">
          <reporter-output>
          </reporter-output>
        </test-method> <!-- teardown -->
        <test-method is-config="true" signature="setup()[pri:0, instance:nop.commerce.testscripts.LoginPageTest@3943a2be]" started-at="2023-02-02T09:16:37 IST" name="setup" finished-at="2023-02-02T09:16:40 IST" duration-ms="3276" status="PASS">
          <reporter-output>
          </reporter-output>
        </test-method> <!-- setup -->
        <test-method signature="verifyLoginBtnFunctionalityWithSetOfCredentials(java.lang.String,java.lang.String)[pri:0, instance:nop.commerce.testscripts.LoginPageTest@3943a2be]" started-at="2023-02-02T09:16:40 IST" name="verifyLoginBtnFunctionalityWithSetOfCredentials" data-provider="loginCredentials" finished-at="2023-02-02T09:16:47 IST" duration-ms="6487" status="PASS">
          <params>
            <param index="0">
              <value>
                <![CDATA[admin@yourstore.com]]>
              </value>
            </param>
            <param index="1">
              <value>
                <![CDATA[admin]]>
              </value>
            </param>
          </params>
          <reporter-output>
          </reporter-output>
        </test-method> <!-- verifyLoginBtnFunctionalityWithSetOfCredentials -->
        <test-method is-config="true" signature="teardown()[pri:0, instance:nop.commerce.testscripts.LoginPageTest@3943a2be]" started-at="2023-02-02T09:16:47 IST" name="teardown" finished-at="2023-02-02T09:16:47 IST" duration-ms="304" status="PASS">
          <reporter-output>
          </reporter-output>
        </test-method> <!-- teardown -->
        <test-method is-config="true" signature="setup()[pri:0, instance:nop.commerce.testscripts.LoginPageTest@3943a2be]" started-at="2023-02-02T09:16:47 IST" name="setup" finished-at="2023-02-02T09:16:51 IST" duration-ms="3766" status="PASS">
          <reporter-output>
          </reporter-output>
        </test-method> <!-- setup -->
        <test-method signature="verifyLoginBtnFunctionalityWithSetOfCredentials(java.lang.String,java.lang.String)[pri:0, instance:nop.commerce.testscripts.LoginPageTest@3943a2be]" started-at="2023-02-02T09:16:51 IST" name="verifyLoginBtnFunctionalityWithSetOfCredentials" data-provider="loginCredentials" finished-at="2023-02-02T09:16:57 IST" duration-ms="6235" status="PASS">
          <params>
            <param index="0">
              <value>
                <![CDATA[admin@yourstore.com]]>
              </value>
            </param>
            <param index="1">
              <value>
                <![CDATA[admin]]>
              </value>
            </param>
          </params>
          <reporter-output>
          </reporter-output>
        </test-method> <!-- verifyLoginBtnFunctionalityWithSetOfCredentials -->
        <test-method is-config="true" signature="teardown()[pri:0, instance:nop.commerce.testscripts.LoginPageTest@3943a2be]" started-at="2023-02-02T09:16:57 IST" name="teardown" finished-at="2023-02-02T09:16:57 IST" duration-ms="357" status="PASS">
          <reporter-output>
          </reporter-output>
        </test-method> <!-- teardown -->
        <test-method is-config="true" signature="setup()[pri:0, instance:nop.commerce.testscripts.LoginPageTest@3943a2be]" started-at="2023-02-02T09:16:57 IST" name="setup" finished-at="2023-02-02T09:17:00 IST" duration-ms="3044" status="PASS">
          <reporter-output>
          </reporter-output>
        </test-method> <!-- setup -->
        <test-method signature="verifyLoginBtnFunctionalityWithSetOfCredentials(java.lang.String,java.lang.String)[pri:0, instance:nop.commerce.testscripts.LoginPageTest@3943a2be]" started-at="2023-02-02T09:17:00 IST" name="verifyLoginBtnFunctionalityWithSetOfCredentials" data-provider="loginCredentials" finished-at="2023-02-02T09:17:06 IST" duration-ms="5548" status="PASS">
          <params>
            <param index="0">
              <value>
                <![CDATA[admin@yourstore.com]]>
              </value>
            </param>
            <param index="1">
              <value>
                <![CDATA[admin]]>
              </value>
            </param>
          </params>
          <reporter-output>
          </reporter-output>
        </test-method> <!-- verifyLoginBtnFunctionalityWithSetOfCredentials -->
        <test-method is-config="true" signature="teardown()[pri:0, instance:nop.commerce.testscripts.LoginPageTest@3943a2be]" started-at="2023-02-02T09:17:06 IST" name="teardown" finished-at="2023-02-02T09:17:06 IST" duration-ms="369" status="PASS">
          <reporter-output>
          </reporter-output>
        </test-method> <!-- teardown -->
        <test-method is-config="true" signature="setup()[pri:0, instance:nop.commerce.testscripts.LoginPageTest@3943a2be]" started-at="2023-02-02T09:17:06 IST" name="setup" finished-at="2023-02-02T09:17:10 IST" duration-ms="3899" status="PASS">
          <reporter-output>
          </reporter-output>
        </test-method> <!-- setup -->
        <test-method signature="verifyLoginBtnFunctionalityWithSetOfCredentials(java.lang.String,java.lang.String)[pri:0, instance:nop.commerce.testscripts.LoginPageTest@3943a2be]" started-at="2023-02-02T09:17:10 IST" name="verifyLoginBtnFunctionalityWithSetOfCredentials" data-provider="loginCredentials" finished-at="2023-02-02T09:17:15 IST" duration-ms="5112" status="PASS">
          <params>
            <param index="0">
              <value>
                <![CDATA[admin@yourstore.com]]>
              </value>
            </param>
            <param index="1">
              <value>
                <![CDATA[admin]]>
              </value>
            </param>
          </params>
          <reporter-output>
          </reporter-output>
        </test-method> <!-- verifyLoginBtnFunctionalityWithSetOfCredentials -->
        <test-method is-config="true" signature="teardown()[pri:0, instance:nop.commerce.testscripts.LoginPageTest@3943a2be]" started-at="2023-02-02T09:17:15 IST" name="teardown" finished-at="2023-02-02T09:17:16 IST" duration-ms="343" status="PASS">
          <reporter-output>
          </reporter-output>
        </test-method> <!-- teardown -->
        <test-method is-config="true" signature="setup()[pri:0, instance:nop.commerce.testscripts.LoginPageTest@3943a2be]" started-at="2023-02-02T09:17:16 IST" name="setup" finished-at="2023-02-02T09:17:19 IST" duration-ms="3714" status="PASS">
          <reporter-output>
          </reporter-output>
        </test-method> <!-- setup -->
        <test-method signature="verifyLoginBtnFunctionalityWithSetOfCredentials(java.lang.String,java.lang.String)[pri:0, instance:nop.commerce.testscripts.LoginPageTest@3943a2be]" started-at="2023-02-02T09:17:19 IST" name="verifyLoginBtnFunctionalityWithSetOfCredentials" data-provider="loginCredentials" finished-at="2023-02-02T09:17:23 IST" duration-ms="3532" status="PASS">
          <params>
            <param index="0">
              <value>
                <![CDATA[admin@yourstore.com]]>
              </value>
            </param>
            <param index="1">
              <value>
                <![CDATA[admin]]>
              </value>
            </param>
          </params>
          <reporter-output>
          </reporter-output>
        </test-method> <!-- verifyLoginBtnFunctionalityWithSetOfCredentials -->
        <test-method is-config="true" signature="teardown()[pri:0, instance:nop.commerce.testscripts.LoginPageTest@3943a2be]" started-at="2023-02-02T09:17:23 IST" name="teardown" finished-at="2023-02-02T09:17:23 IST" duration-ms="409" status="PASS">
          <reporter-output>
          </reporter-output>
        </test-method> <!-- teardown -->
        <test-method is-config="true" signature="setup()[pri:0, instance:nop.commerce.testscripts.LoginPageTest@3943a2be]" started-at="2023-02-02T09:17:23 IST" name="setup" finished-at="2023-02-02T09:17:27 IST" duration-ms="3598" status="PASS">
          <reporter-output>
          </reporter-output>
        </test-method> <!-- setup -->
        <test-method signature="verifyLoginBtnFunctionalityWithSetOfCredentials(java.lang.String,java.lang.String)[pri:0, instance:nop.commerce.testscripts.LoginPageTest@3943a2be]" started-at="2023-02-02T09:17:27 IST" name="verifyLoginBtnFunctionalityWithSetOfCredentials" data-provider="loginCredentials" finished-at="2023-02-02T09:17:33 IST" duration-ms="5727" status="PASS">
          <params>
            <param index="0">
              <value>
                <![CDATA[admin@yourstore.com]]>
              </value>
            </param>
            <param index="1">
              <value>
                <![CDATA[admin]]>
              </value>
            </param>
          </params>
          <reporter-output>
          </reporter-output>
        </test-method> <!-- verifyLoginBtnFunctionalityWithSetOfCredentials -->
        <test-method is-config="true" signature="teardown()[pri:0, instance:nop.commerce.testscripts.LoginPageTest@3943a2be]" started-at="2023-02-02T09:17:33 IST" name="teardown" finished-at="2023-02-02T09:17:33 IST" duration-ms="429" status="PASS">
          <reporter-output>
          </reporter-output>
        </test-method> <!-- teardown -->
        <test-method is-config="true" signature="setup()[pri:0, instance:nop.commerce.testscripts.LoginPageTest@3943a2be]" started-at="2023-02-02T09:17:33 IST" name="setup" finished-at="2023-02-02T09:17:36 IST" duration-ms="3056" status="PASS">
          <reporter-output>
          </reporter-output>
        </test-method> <!-- setup -->
        <test-method signature="verifyLoginBtnFunctionalityWithSetOfCredentials(java.lang.String,java.lang.String)[pri:0, instance:nop.commerce.testscripts.LoginPageTest@3943a2be]" started-at="2023-02-02T09:17:36 IST" name="verifyLoginBtnFunctionalityWithSetOfCredentials" data-provider="loginCredentials" finished-at="2023-02-02T09:17:42 IST" duration-ms="6146" status="PASS">
          <params>
            <param index="0">
              <value>
                <![CDATA[admin@yourstore.com]]>
              </value>
            </param>
            <param index="1">
              <value>
                <![CDATA[admin]]>
              </value>
            </param>
          </params>
          <reporter-output>
          </reporter-output>
        </test-method> <!-- verifyLoginBtnFunctionalityWithSetOfCredentials -->
        <test-method is-config="true" signature="teardown()[pri:0, instance:nop.commerce.testscripts.LoginPageTest@3943a2be]" started-at="2023-02-02T09:17:42 IST" name="teardown" finished-at="2023-02-02T09:17:43 IST" duration-ms="314" status="PASS">
          <reporter-output>
          </reporter-output>
        </test-method> <!-- teardown -->
        <test-method is-config="true" signature="setup()[pri:0, instance:nop.commerce.testscripts.LoginPageTest@3943a2be]" started-at="2023-02-02T09:17:43 IST" name="setup" finished-at="2023-02-02T09:17:46 IST" duration-ms="3685" status="PASS">
          <reporter-output>
          </reporter-output>
        </test-method> <!-- setup -->
        <test-method signature="verifyLoginBtnFunctionalityWithSetOfCredentials(java.lang.String,java.lang.String)[pri:0, instance:nop.commerce.testscripts.LoginPageTest@3943a2be]" started-at="2023-02-02T09:17:46 IST" name="verifyLoginBtnFunctionalityWithSetOfCredentials" data-provider="loginCredentials" finished-at="2023-02-02T09:17:47 IST" duration-ms="517" status="FAIL">
          <params>
            <param index="0">
              <value>
                <![CDATA[abcd123]]>
              </value>
            </param>
            <param index="1">
              <value>
                <![CDATA[admin123]]>
              </value>
            </param>
          </params>
          <exception class="org.openqa.selenium.NoSuchElementException">
            <message>
              <![CDATA[no such element: Unable to locate element: {"method":"xpath","selector":"//h1[normalize-space()='Dashboard']"}
  (Session info: chrome=109.0.5414.120)
For documentation on this error, please visit: https://selenium.dev/exceptions/#no_such_element
Build info: version: '4.6.0', revision: '79f1c02ae20'
System info: os.name: 'Windows 10', os.arch: 'amd64', os.version: '10.0', java.version: '11.0.12'
Driver info: org.openqa.selenium.chrome.ChromeDriver
Command: [4ad34736932352a76f66330cb24c391b, findElement {using=xpath, value=//h1[normalize-space()='Dashboard']}]
Capabilities {acceptInsecureCerts: false, browserName: chrome, browserVersion: 109.0.5414.120, chrome: {chromedriverVersion: 109.0.5414.74 (e7c5703604da..., userDataDir: C:\Users\User\AppData\Local...}, goog:chromeOptions: {debuggerAddress: localhost:60433}, networkConnectionEnabled: false, pageLoadStrategy: normal, platformName: WINDOWS, proxy: Proxy(), se:cdp: ws://localhost:60433/devtoo..., se:cdpVersion: 109.0.5414.120, setWindowRect: true, strictFileInteractability: false, timeouts: {implicit: 0, pageLoad: 300000, script: 30000}, unhandledPromptBehavior: dismiss and notify, webauthn:extension:credBlob: true, webauthn:extension:largeBlob: true, webauthn:virtualAuthenticators: true}
Session ID: 4ad34736932352a76f66330cb24c391b]]>
            </message>
            <full-stacktrace>
              <![CDATA[org.openqa.selenium.NoSuchElementException: no such element: Unable to locate element: {"method":"xpath","selector":"//h1[normalize-space()='Dashboard']"}
  (Session info: chrome=109.0.5414.120)
For documentation on this error, please visit: https://selenium.dev/exceptions/#no_such_element
Build info: version: '4.6.0', revision: '79f1c02ae20'
System info: os.name: 'Windows 10', os.arch: 'amd64', os.version: '10.0', java.version: '11.0.12'
Driver info: org.openqa.selenium.chrome.ChromeDriver
Command: [4ad34736932352a76f66330cb24c391b, findElement {using=xpath, value=//h1[normalize-space()='Dashboard']}]
Capabilities {acceptInsecureCerts: false, browserName: chrome, browserVersion: 109.0.5414.120, chrome: {chromedriverVersion: 109.0.5414.74 (e7c5703604da..., userDataDir: C:\Users\User\AppData\Local...}, goog:chromeOptions: {debuggerAddress: localhost:60433}, networkConnectionEnabled: false, pageLoadStrategy: normal, platformName: WINDOWS, proxy: Proxy(), se:cdp: ws://localhost:60433/devtoo..., se:cdpVersion: 109.0.5414.120, setWindowRect: true, strictFileInteractability: false, timeouts: {implicit: 0, pageLoad: 300000, script: 30000}, unhandledPromptBehavior: dismiss and notify, webauthn:extension:credBlob: true, webauthn:extension:largeBlob: true, webauthn:virtualAuthenticators: true}
Session ID: 4ad34736932352a76f66330cb24c391b
at java.base/jdk.internal.reflect.NativeConstructorAccessorImpl.newInstance0(Native Method)
at java.base/jdk.internal.reflect.NativeConstructorAccessorImpl.newInstance(NativeConstructorAccessorImpl.java:62)
at java.base/jdk.internal.reflect.DelegatingConstructorAccessorImpl.newInstance(DelegatingConstructorAccessorImpl.java:45)
at java.base/java.lang.reflect.Constructor.newInstance(Constructor.java:490)
at org.openqa.selenium.remote.codec.w3c.W3CHttpResponseCodec.createException(W3CHttpResponseCodec.java:200)
at org.openqa.selenium.remote.codec.w3c.W3CHttpResponseCodec.decode(W3CHttpResponseCodec.java:133)
at org.openqa.selenium.remote.codec.w3c.W3CHttpResponseCodec.decode(W3CHttpResponseCodec.java:53)
at org.openqa.selenium.remote.HttpCommandExecutor.execute(HttpCommandExecutor.java:184)
at org.openqa.selenium.remote.service.DriverCommandExecutor.invokeExecute(DriverCommandExecutor.java:167)
at org.openqa.selenium.remote.service.DriverCommandExecutor.execute(DriverCommandExecutor.java:142)
at org.openqa.selenium.remote.RemoteWebDriver.execute(RemoteWebDriver.java:541)
at org.openqa.selenium.remote.ElementLocation$ElementFinder$2.findElement(ElementLocation.java:162)
at org.openqa.selenium.remote.ElementLocation.findElement(ElementLocation.java:60)
at org.openqa.selenium.remote.RemoteWebDriver.findElement(RemoteWebDriver.java:365)
at org.openqa.selenium.remote.RemoteWebDriver.findElement(RemoteWebDriver.java:357)
at com.nopcommerce.pages.DashboardPage.getElement(DashboardPage.java:18)
at com.nopcommerce.pages.DashboardPage.isDashboardVisible(DashboardPage.java:23)
at nop.commerce.testscripts.LoginPageTest.verifyLoginBtnFunctionalityWithSetOfCredentials(LoginPageTest.java:98)
at java.base/jdk.internal.reflect.NativeMethodAccessorImpl.invoke0(Native Method)
at java.base/jdk.internal.reflect.NativeMethodAccessorImpl.invoke(NativeMethodAccessorImpl.java:62)
at java.base/jdk.internal.reflect.DelegatingMethodAccessorImpl.invoke(DelegatingMethodAccessorImpl.java:43)
at java.base/java.lang.reflect.Method.invoke(Method.java:566)
at org.testng.internal.invokers.MethodInvocationHelper.invokeMethod(MethodInvocationHelper.java:139)
at org.testng.internal.invokers.TestInvoker.invokeMethod(TestInvoker.java:677)
at org.testng.internal.invokers.TestInvoker.invokeTestMethod(TestInvoker.java:221)
at org.testng.internal.invokers.MethodRunner.runInSequence(MethodRunner.java:50)
at org.testng.internal.invokers.TestInvoker$MethodInvocationAgent.invoke(TestInvoker.java:962)
at org.testng.internal.invokers.TestInvoker.invokeTestMethods(TestInvoker.java:194)
at org.testng.internal.invokers.TestMethodWorker.invokeTestMethods(TestMethodWorker.java:148)
at org.testng.internal.invokers.TestMethodWorker.run(TestMethodWorker.java:128)
at java.base/java.util.ArrayList.forEach(ArrayList.java:1541)
at org.testng.TestRunner.privateRun(TestRunner.java:806)
at org.testng.TestRunner.run(TestRunner.java:601)
at org.testng.SuiteRunner.runTest(SuiteRunner.java:433)
at org.testng.SuiteRunner.runSequentially(SuiteRunner.java:427)
at org.testng.SuiteRunner.privateRun(SuiteRunner.java:387)
at org.testng.SuiteRunner.run(SuiteRunner.java:330)
at org.testng.SuiteRunnerWorker.runSuite(SuiteRunnerWorker.java:52)
at org.testng.SuiteRunnerWorker.run(SuiteRunnerWorker.java:95)
at org.testng.TestNG.runSuitesSequentially(TestNG.java:1256)
at org.testng.TestNG.runSuitesLocally(TestNG.java:1176)
at org.testng.TestNG.runSuites(TestNG.java:1099)
at org.testng.TestNG.run(TestNG.java:1067)
at com.intellij.rt.testng.IDEARemoteTestNG.run(IDEARemoteTestNG.java:66)
at com.intellij.rt.testng.RemoteTestNGStarter.main(RemoteTestNGStarter.java:109)
]]>
            </full-stacktrace>
          </exception> <!-- org.openqa.selenium.NoSuchElementException -->
          <reporter-output>
          </reporter-output>
        </test-method> <!-- verifyLoginBtnFunctionalityWithSetOfCredentials -->
        <test-method is-config="true" signature="teardown()[pri:0, instance:nop.commerce.testscripts.LoginPageTest@3943a2be]" started-at="2023-02-02T09:17:47 IST" name="teardown" finished-at="2023-02-02T09:17:47 IST" duration-ms="415" status="PASS">
          <reporter-output>
          </reporter-output>
        </test-method> <!-- teardown -->
        <test-method is-config="true" signature="setup()[pri:0, instance:nop.commerce.testscripts.LoginPageTest@3943a2be]" started-at="2023-02-02T09:17:47 IST" name="setup" finished-at="2023-02-02T09:17:51 IST" duration-ms="3612" status="PASS">
          <reporter-output>
          </reporter-output>
        </test-method> <!-- setup -->
        <test-method signature="verifyLoginBtnFunctionalityWithSetOfCredentials(java.lang.String,java.lang.String)[pri:0, instance:nop.commerce.testscripts.LoginPageTest@3943a2be]" started-at="2023-02-02T09:17:51 IST" name="verifyLoginBtnFunctionalityWithSetOfCredentials" data-provider="loginCredentials" finished-at="2023-02-02T09:17:52 IST" duration-ms="1690" status="FAIL">
          <params>
            <param index="0">
              <value>
                <![CDATA[xyz@yourstore.com]]>
              </value>
            </param>
            <param index="1">
              <value>
                <![CDATA[admin123]]>
              </value>
            </param>
          </params>
          <exception class="org.openqa.selenium.NoSuchElementException">
            <message>
              <![CDATA[no such element: Unable to locate element: {"method":"xpath","selector":"//h1[normalize-space()='Dashboard']"}
  (Session info: chrome=109.0.5414.120)
For documentation on this error, please visit: https://selenium.dev/exceptions/#no_such_element
Build info: version: '4.6.0', revision: '79f1c02ae20'
System info: os.name: 'Windows 10', os.arch: 'amd64', os.version: '10.0', java.version: '11.0.12'
Driver info: org.openqa.selenium.chrome.ChromeDriver
Command: [441d0193aa371ef9b128cffae12d043f, findElement {using=xpath, value=//h1[normalize-space()='Dashboard']}]
Capabilities {acceptInsecureCerts: false, browserName: chrome, browserVersion: 109.0.5414.120, chrome: {chromedriverVersion: 109.0.5414.74 (e7c5703604da..., userDataDir: C:\Users\User\AppData\Local...}, goog:chromeOptions: {debuggerAddress: localhost:60448}, networkConnectionEnabled: false, pageLoadStrategy: normal, platformName: WINDOWS, proxy: Proxy(), se:cdp: ws://localhost:60448/devtoo..., se:cdpVersion: 109.0.5414.120, setWindowRect: true, strictFileInteractability: false, timeouts: {implicit: 0, pageLoad: 300000, script: 30000}, unhandledPromptBehavior: dismiss and notify, webauthn:extension:credBlob: true, webauthn:extension:largeBlob: true, webauthn:virtualAuthenticators: true}
Session ID: 441d0193aa371ef9b128cffae12d043f]]>
            </message>
            <full-stacktrace>
              <![CDATA[org.openqa.selenium.NoSuchElementException: no such element: Unable to locate element: {"method":"xpath","selector":"//h1[normalize-space()='Dashboard']"}
  (Session info: chrome=109.0.5414.120)
For documentation on this error, please visit: https://selenium.dev/exceptions/#no_such_element
Build info: version: '4.6.0', revision: '79f1c02ae20'
System info: os.name: 'Windows 10', os.arch: 'amd64', os.version: '10.0', java.version: '11.0.12'
Driver info: org.openqa.selenium.chrome.ChromeDriver
Command: [441d0193aa371ef9b128cffae12d043f, findElement {using=xpath, value=//h1[normalize-space()='Dashboard']}]
Capabilities {acceptInsecureCerts: false, browserName: chrome, browserVersion: 109.0.5414.120, chrome: {chromedriverVersion: 109.0.5414.74 (e7c5703604da..., userDataDir: C:\Users\User\AppData\Local...}, goog:chromeOptions: {debuggerAddress: localhost:60448}, networkConnectionEnabled: false, pageLoadStrategy: normal, platformName: WINDOWS, proxy: Proxy(), se:cdp: ws://localhost:60448/devtoo..., se:cdpVersion: 109.0.5414.120, setWindowRect: true, strictFileInteractability: false, timeouts: {implicit: 0, pageLoad: 300000, script: 30000}, unhandledPromptBehavior: dismiss and notify, webauthn:extension:credBlob: true, webauthn:extension:largeBlob: true, webauthn:virtualAuthenticators: true}
Session ID: 441d0193aa371ef9b128cffae12d043f
at java.base/jdk.internal.reflect.NativeConstructorAccessorImpl.newInstance0(Native Method)
at java.base/jdk.internal.reflect.NativeConstructorAccessorImpl.newInstance(NativeConstructorAccessorImpl.java:62)
at java.base/jdk.internal.reflect.DelegatingConstructorAccessorImpl.newInstance(DelegatingConstructorAccessorImpl.java:45)
at java.base/java.lang.reflect.Constructor.newInstance(Constructor.java:490)
at org.openqa.selenium.remote.codec.w3c.W3CHttpResponseCodec.createException(W3CHttpResponseCodec.java:200)
at org.openqa.selenium.remote.codec.w3c.W3CHttpResponseCodec.decode(W3CHttpResponseCodec.java:133)
at org.openqa.selenium.remote.codec.w3c.W3CHttpResponseCodec.decode(W3CHttpResponseCodec.java:53)
at org.openqa.selenium.remote.HttpCommandExecutor.execute(HttpCommandExecutor.java:184)
at org.openqa.selenium.remote.service.DriverCommandExecutor.invokeExecute(DriverCommandExecutor.java:167)
at org.openqa.selenium.remote.service.DriverCommandExecutor.execute(DriverCommandExecutor.java:142)
at org.openqa.selenium.remote.RemoteWebDriver.execute(RemoteWebDriver.java:541)
at org.openqa.selenium.remote.ElementLocation$ElementFinder$2.findElement(ElementLocation.java:162)
at org.openqa.selenium.remote.ElementLocation.findElement(ElementLocation.java:60)
at org.openqa.selenium.remote.RemoteWebDriver.findElement(RemoteWebDriver.java:365)
at org.openqa.selenium.remote.RemoteWebDriver.findElement(RemoteWebDriver.java:357)
at com.nopcommerce.pages.DashboardPage.getElement(DashboardPage.java:18)
at com.nopcommerce.pages.DashboardPage.isDashboardVisible(DashboardPage.java:23)
at nop.commerce.testscripts.LoginPageTest.verifyLoginBtnFunctionalityWithSetOfCredentials(LoginPageTest.java:98)
at java.base/jdk.internal.reflect.NativeMethodAccessorImpl.invoke0(Native Method)
at java.base/jdk.internal.reflect.NativeMethodAccessorImpl.invoke(NativeMethodAccessorImpl.java:62)
at java.base/jdk.internal.reflect.DelegatingMethodAccessorImpl.invoke(DelegatingMethodAccessorImpl.java:43)
at java.base/java.lang.reflect.Method.invoke(Method.java:566)
at org.testng.internal.invokers.MethodInvocationHelper.invokeMethod(MethodInvocationHelper.java:139)
at org.testng.internal.invokers.TestInvoker.invokeMethod(TestInvoker.java:677)
at org.testng.internal.invokers.TestInvoker.invokeTestMethod(TestInvoker.java:221)
at org.testng.internal.invokers.MethodRunner.runInSequence(MethodRunner.java:50)
at org.testng.internal.invokers.TestInvoker$MethodInvocationAgent.invoke(TestInvoker.java:962)
at org.testng.internal.invokers.TestInvoker.invokeTestMethods(TestInvoker.java:194)
at org.testng.internal.invokers.TestMethodWorker.invokeTestMethods(TestMethodWorker.java:148)
at org.testng.internal.invokers.TestMethodWorker.run(TestMethodWorker.java:128)
at java.base/java.util.ArrayList.forEach(ArrayList.java:1541)
at org.testng.TestRunner.privateRun(TestRunner.java:806)
at org.testng.TestRunner.run(TestRunner.java:601)
at org.testng.SuiteRunner.runTest(SuiteRunner.java:433)
at org.testng.SuiteRunner.runSequentially(SuiteRunner.java:427)
at org.testng.SuiteRunner.privateRun(SuiteRunner.java:387)
at org.testng.SuiteRunner.run(SuiteRunner.java:330)
at org.testng.SuiteRunnerWorker.runSuite(SuiteRunnerWorker.java:52)
at org.testng.SuiteRunnerWorker.run(SuiteRunnerWorker.java:95)
at org.testng.TestNG.runSuitesSequentially(TestNG.java:1256)
at org.testng.TestNG.runSuitesLocally(TestNG.java:1176)
at org.testng.TestNG.runSuites(TestNG.java:1099)
at org.testng.TestNG.run(TestNG.java:1067)
at com.intellij.rt.testng.IDEARemoteTestNG.run(IDEARemoteTestNG.java:66)
at com.intellij.rt.testng.RemoteTestNGStarter.main(RemoteTestNGStarter.java:109)
]]>
            </full-stacktrace>
          </exception> <!-- org.openqa.selenium.NoSuchElementException -->
          <reporter-output>
          </reporter-output>
        </test-method> <!-- verifyLoginBtnFunctionalityWithSetOfCredentials -->
        <test-method is-config="true" signature="teardown()[pri:0, instance:nop.commerce.testscripts.LoginPageTest@3943a2be]" started-at="2023-02-02T09:17:52 IST" name="teardown" finished-at="2023-02-02T09:17:53 IST" duration-ms="369" status="PASS">
          <reporter-output>
          </reporter-output>
        </test-method> <!-- teardown -->
        <test-method is-config="true" signature="setup()[pri:0, instance:nop.commerce.testscripts.LoginPageTest@3943a2be]" started-at="2023-02-02T09:17:53 IST" name="setup" finished-at="2023-02-02T09:17:56 IST" duration-ms="2999" status="PASS">
          <reporter-output>
          </reporter-output>
        </test-method> <!-- setup -->
        <test-method signature="verifyLoginBtnFunctionalityWithvalidEmail()[pri:0, instance:nop.commerce.testscripts.LoginPageTest@3943a2be]" started-at="2023-02-02T09:17:56 IST" name="verifyLoginBtnFunctionalityWithvalidEmail" finished-at="2023-02-02T09:18:02 IST" duration-ms="5704" status="PASS">
          <reporter-output>
          </reporter-output>
        </test-method> <!-- verifyLoginBtnFunctionalityWithvalidEmail -->
        <test-method is-config="true" signature="teardown()[pri:0, instance:nop.commerce.testscripts.LoginPageTest@3943a2be]" started-at="2023-02-02T09:18:02 IST" name="teardown" finished-at="2023-02-02T09:18:02 IST" duration-ms="376" status="PASS">
          <reporter-output>
          </reporter-output>
        </test-method> <!-- teardown -->
        <test-method is-config="true" signature="setup()[pri:0, instance:nop.commerce.testscripts.LoginPageTest@3943a2be]" started-at="2023-02-02T09:18:02 IST" name="setup" finished-at="2023-02-02T09:18:06 IST" duration-ms="3766" status="PASS">
          <reporter-output>
          </reporter-output>
        </test-method> <!-- setup -->
        <test-method signature="verifyLoginBtnFunctionalityWithvalidEmail()[pri:0, instance:nop.commerce.testscripts.LoginPageTest@3943a2be]" started-at="2023-02-02T09:18:06 IST" name="verifyLoginBtnFunctionalityWithvalidEmail" finished-at="2023-02-02T09:18:09 IST" duration-ms="3352" status="PASS">
          <reporter-output>
          </reporter-output>
        </test-method> <!-- verifyLoginBtnFunctionalityWithvalidEmail -->
        <test-method is-config="true" signature="teardown()[pri:0, instance:nop.commerce.testscripts.LoginPageTest@3943a2be]" started-at="2023-02-02T09:18:09 IST" name="teardown" finished-at="2023-02-02T09:18:09 IST" duration-ms="317" status="PASS">
          <reporter-output>
          </reporter-output>
        </test-method> <!-- teardown -->
        <test-method is-config="true" signature="setup()[pri:0, instance:nop.commerce.testscripts.LoginPageTest@3943a2be]" started-at="2023-02-02T09:18:09 IST" name="setup" finished-at="2023-02-02T09:18:13 IST" duration-ms="3771" status="PASS">
          <reporter-output>
          </reporter-output>
        </test-method> <!-- setup -->
        <test-method signature="verifyLoginBtnFunctionalityWithvalidEmail()[pri:0, instance:nop.commerce.testscripts.LoginPageTest@3943a2be]" started-at="2023-02-02T09:18:13 IST" name="verifyLoginBtnFunctionalityWithvalidEmail" finished-at="2023-02-02T09:18:19 IST" duration-ms="6313" status="PASS">
          <reporter-output>
          </reporter-output>
        </test-method> <!-- verifyLoginBtnFunctionalityWithvalidEmail -->
        <test-method is-config="true" signature="teardown()[pri:0, instance:nop.commerce.testscripts.LoginPageTest@3943a2be]" started-at="2023-02-02T09:18:19 IST" name="teardown" finished-at="2023-02-02T09:18:20 IST" duration-ms="383" status="PASS">
          <reporter-output>
          </reporter-output>
        </test-method> <!-- teardown -->
      </class> <!-- nop.commerce.testscripts.LoginPageTest -->
    </test> <!-- nop commerce homepage functional cases -->
  </suite> <!-- nop commerce functionalcases -->
</testng-results>
